01-30 14:23:17.161 3139-3139/? I/PERF: received broadcast android.intent.action.BATTERY_CHANGED
01-30 14:23:20.721 20869-20882/? I/art: Explicit concurrent mark sweep GC freed 4224(263KB) AllocSpace objects, 0(0B) LOS objects, 24% free, 16MB/22MB, paused 836us total 50.211ms
01-30 14:23:26.471 7896-7912/com.medicom.maven.debug I/art: Background sticky concurrent mark sweep GC freed 46541(6MB) AllocSpace objects, 0(0B) LOS objects, 17% free, 30MB/36MB, paused 7.760ms total 74.117ms
01-30 14:23:27.181 2977-2977/? I/MotionRecognitionService: Plugged
01-30 14:23:27.191 3139-3139/? I/PERF: received broadcast android.intent.action.BATTERY_CHANGED
01-30 14:23:35.641 7896-7999/com.medicom.maven.debug E/TasksManager: Task threw exception. Task: LoadInjectionScheduleTask{patientId=168756}
01-30 14:23:35.641 7896-7999/com.medicom.maven.debug E/TasksManager: java.net.SocketTimeoutException: timeout
01-30 14:23:35.641 7896-7999/com.medicom.maven.debug E/TasksManager:     at okio.Okio$4.newTimeoutException(Okio.java:230)
01-30 14:23:35.641 7896-7999/com.medicom.maven.debug E/TasksManager:     at okio.AsyncTimeout.exit(AsyncTimeout.java:275)
01-30 14:23:35.641 7896-7999/com.medicom.maven.debug E/TasksManager:     at okio.AsyncTimeout$2.read(AsyncTimeout.java:243)
01-30 14:23:35.641 7896-7999/com.medicom.maven.debug E/TasksManager:     at okio.RealBufferedSource.indexOf(RealBufferedSource.java:345)
01-30 14:23:35.641 7896-7999/com.medicom.maven.debug E/TasksManager:     at okio.RealBufferedSource.readUtf8LineStrict(RealBufferedSource.java:217)
01-30 14:23:35.641 7896-7999/com.medicom.maven.debug E/TasksManager:     at okio.RealBufferedSource.readUtf8LineStrict(RealBufferedSource.java:211)
01-30 14:23:35.641 7896-7999/com.medicom.maven.debug E/TasksManager:     at okhttp3.internal.http1.Http1Codec.readResponseHeaders(Http1Codec.java:189)
01-30 14:23:35.641 7896-7999/com.medicom.maven.debug E/TasksManager:     at okhttp3.internal.http.CallServerInterceptor.intercept(CallServerInterceptor.java:75)
01-30 14:23:35.641 7896-7999/com.medicom.maven.debug E/TasksManager:     at okhttp3.internal.http.RealInterceptorChain.proceed(RealInterceptorChain.java:92)
01-30 14:23:35.641 7896-7999/com.medicom.maven.debug E/TasksManager:     at okhttp3.internal.http.RealInterceptorChain.proceed(RealInterceptorChain.java:67)
01-30 14:23:35.641 7896-7999/com.medicom.maven.debug E/TasksManager:     at com.facebook.stetho.okhttp3.StethoInterceptor.intercept(StethoInterceptor.java:56)
01-30 14:23:35.641 7896-7999/com.medicom.maven.debug E/TasksManager:     at okhttp3.internal.http.RealInterceptorChain.proceed(RealInterceptorChain.java:92)
01-30 14:23:35.641 7896-7999/com.medicom.maven.debug E/TasksManager:     at okhttp3.internal.http.RealInterceptorChain.proceed(RealInterceptorChain.java:67)
01-30 14:23:35.641 7896-7999/com.medicom.maven.debug E/TasksManager:     at com.medicom.maven.core.networking.RetrofitClient$HeadersInterceptor.intercept(RetrofitClient.java:86)
01-30 14:23:35.641 7896-7999/com.medicom.maven.debug E/TasksManager:     at okhttp3.internal.http.RealInterceptorChain.proceed(RealInterceptorChain.java:92)
01-30 14:23:35.641 7896-7999/com.medicom.maven.debug E/TasksManager:     at okhttp3.internal.connection.ConnectInterceptor.intercept(ConnectInterceptor.java:45)
01-30 14:23:35.641 7896-7999/com.medicom.maven.debug E/TasksManager:     at okhttp3.internal.http.RealInterceptorChain.proceed(RealInterceptorChain.java:92)
01-30 14:23:35.641 7896-7999/com.medicom.maven.debug E/TasksManager:     at okhttp3.internal.http.RealInterceptorChain.proceed(RealInterceptorChain.java:67)
01-30 14:23:35.641 7896-7999/com.medicom.maven.debug E/TasksManager:     at okhttp3.internal.cache.CacheInterceptor.intercept(CacheInterceptor.java:93)
01-30 14:23:35.641 7896-7999/com.medicom.maven.debug E/TasksManager:     at okhttp3.internal.http.RealInterceptorChain.proceed(RealInterceptorChain.java:92)
01-30 14:23:35.641 7896-7999/com.medicom.maven.debug E/TasksManager:     at okhttp3.internal.http.RealInterceptorChain.proceed(RealInterceptorChain.java:67)
01-30 14:23:35.641 7896-7999/com.medicom.maven.debug E/TasksManager:     at okhttp3.internal.http.BridgeInterceptor.intercept(BridgeInterceptor.java:93)
01-30 14:23:35.641 7896-7999/com.medicom.maven.debug E/TasksManager:     at okhttp3.internal.http.RealInterceptorChain.proceed(RealInterceptorChain.java:92)
01-30 14:23:35.641 7896-7999/com.medicom.maven.debug E/TasksManager:     at okhttp3.internal.http.RetryAndFollowUpInterceptor.intercept(RetryAndFollowUpInterceptor.java:120)
01-30 14:23:35.641 7896-7999/com.medicom.maven.debug E/TasksManager:     at okhttp3.internal.http.RealInterceptorChain.proceed(RealInterceptorChain.java:92)
01-30 14:23:35.641 7896-7999/com.medicom.maven.debug E/TasksManager:     at okhttp3.internal.http.RealInterceptorChain.proceed(RealInterceptorChain.java:67)
01-30 14:23:35.641 7896-7999/com.medicom.maven.debug E/TasksManager:     at okhttp3.logging.HttpLoggingInterceptor.intercept(HttpLoggingInterceptor.java:211)
01-30 14:23:35.641 7896-7999/com.medicom.maven.debug E/TasksManager:     at okhttp3.internal.http.RealInterceptorChain.proceed(RealInterceptorChain.java:92)
01-30 14:23:35.641 7896-7999/com.medicom.maven.debug E/TasksManager:     at okhttp3.internal.http.RealInterceptorChain.proceed(RealInterceptorChain.java:67)
01-30 14:23:35.641 7896-7999/com.medicom.maven.debug E/TasksManager:     at com.medicom.maven.core.networking.AuthInterceptor.intercept(AuthInterceptor.java:79)
01-30 14:23:35.641 7896-7999/com.medicom.maven.debug E/TasksManager:     at okhttp3.internal.http.RealInterceptorChain.proceed(RealInterceptorChain.java:92)
01-30 14:23:35.641 7896-7999/com.medicom.maven.debug E/TasksManager:     at okhttp3.internal.http.RealInterceptorChain.proceed(RealInterceptorChain.java:67)
01-30 14:23:35.641 7896-7999/com.medicom.maven.debug E/TasksManager:     at okhttp3.RealCall.getResponseWithInterceptorChain(RealCall.java:185)
01-30 14:23:35.641 7896-7999/com.medicom.maven.debug E/TasksManager:     at okhttp3.RealCall.execute(RealCall.java:69)
01-30 14:23:35.641 7896-7999/com.medicom.maven.debug E/TasksManager:     at retrofit2.OkHttpCall.execute(OkHttpCall.java:180)
01-30 14:23:35.641 7896-7999/com.medicom.maven.debug E/TasksManager:     at retrofit2.adapter.rxjava2.CallExecuteObservable.subscribeActual(CallExecuteObservable.java:41)
01-30 14:23:35.641 7896-7999/com.medicom.maven.debug E/TasksManager:     at io.reactivex.Observable.subscribe(Observable.java:10842)
01-30 14:23:35.641 7896-7999/com.medicom.maven.debug E/TasksManager:     at retrofit2.adapter.rxjava2.BodyObservable.subscribeActual(BodyObservable.java:34)
01-30 14:23:35.641 7896-7999/com.medicom.maven.debug E/TasksManager:     at io.reactivex.Observable.subscribe(Observable.java:10842)
01-30 14:23:35.641 7896-7999/com.medicom.maven.debug E/TasksManager:     at io.reactivex.internal.operators.observable.ObservableSingleSingle.subscribeActual(ObservableSingleSingle.java:35)
01-30 14:23:35.641 7896-7999/com.medicom.maven.debug E/TasksManager:     at io.reactivex.Single.subscribe(Single.java:2703)
01-30 14:23:35.641 7896-7999/com.medicom.maven.debug E/TasksManager:     at io.reactivex.internal.operators.single.SingleFlatMap.subscribeActual(SingleFlatMap.java:36)
01-30 14:23:35.641 7896-7999/com.medicom.maven.debug E/TasksManager:     at io.reactivex.Single.subscribe(Single.java:2703)
01-30 14:23:35.641 7896-7999/com.medicom.maven.debug E/TasksManager:     at io.reactivex.internal.operators.single.SingleToObservable.subscribeActual(SingleToObservable.java:34)
01-30 14:23:35.641 7896-7999/com.medicom.maven.debug E/TasksManager:     at io.reactivex.Observable.subscribe(Observable.java:10842)
01-30 14:23:35.641 7896-7999/com.medicom.maven.debug E/TasksManager:     at io.reactivex.internal.operators.observable.ObservableDefer.subscribeActual(ObservableDefer.java:39)
01-30 14:23:35.641 7896-7999/com.medicom.maven.debug E/TasksManager:     at io.reactivex.Observable.subscribe(Observable.java:10842)
01-30 14:23:35.641 7896-7999/com.medicom.maven.debug E/TasksManager:     at io.reactivex.internal.operators.observable.ObservableDoOnEach.subscribeActual(ObservableDoOnEach.java:42)
01-30 14:23:35.641 7896-7999/com.medicom.maven.debug E/TasksManager:     at io.reactivex.Observable.subscribe(Observable.java:10842)
01-30 14:23:35.641 7896-7999/com.medicom.maven.debug E/TasksManager:     at io.reactivex.internal.operators.observable.ObservableDoOnEach.subscribeActual(ObservableDoOnEach.java:42)
01-30 14:23:35.641 7896-7999/com.medicom.maven.debug E/TasksManager:     at io.reactivex.Observable.subscribe(Observable.java:10842)
01-30 14:23:35.641 7896-7999/com.medicom.maven.debug E/TasksManager:     at io.reactivex.internal.operators.observable.ObservableSubscribeOn$SubscribeTask.run(ObservableSubscribeOn.java:96)
01-30 14:23:35.641 7896-7999/com.medicom.maven.debug E/TasksManager:     at io.reactivex.internal.schedulers.ScheduledDirectTask.call(ScheduledDirectTask.java:38)
01-30 14:23:35.641 7896-7999/com.medicom.maven.debug E/TasksManager:     at io.reactivex.internal.schedulers.ScheduledDirectTask.call(ScheduledDirectTask.java:26)
01-30 14:23:35.641 7896-7999/com.medicom.maven.debug E/TasksManager:     at java.util.concurrent.FutureTask.run(FutureTask.java:237)
01-30 14:23:35.641 7896-7999/com.medicom.maven.debug E/TasksManager:     at java.util.concurrent.ThreadPoolExecutor.runWorker(ThreadPoolExecutor.java:1112)
01-30 14:23:35.641 7896-7999/com.medicom.maven.debug E/TasksManager:     at java.util.concurrent.ThreadPoolExecutor$Worker.run(ThreadPoolExecutor.java:587)
01-30 14:23:35.641 7896-7999/com.medicom.maven.debug E/TasksManager:     at java.lang.Thread.run(Thread.java:818)
01-30 14:23:35.641 7896-7999/com.medicom.maven.debug W/InfusionsSynchroniserUs: InfusionsSynchroniser failed
01-30 14:23:35.641 7896-7999/com.medicom.maven.debug W/InfusionsSynchroniserUs: java.net.SocketTimeoutException: timeout
01-30 14:23:35.641 7896-7999/com.medicom.maven.debug W/InfusionsSynchroniserUs:     at okio.Okio$4.newTimeoutException(Okio.java:230)
01-30 14:23:35.641 7896-7999/com.medicom.maven.debug W/InfusionsSynchroniserUs:     at okio.AsyncTimeout.exit(AsyncTimeout.java:275)
01-30 14:23:35.641 7896-7999/com.medicom.maven.debug W/InfusionsSynchroniserUs:     at okio.AsyncTimeout$2.read(AsyncTimeout.java:243)
01-30 14:23:35.641 7896-7999/com.medicom.maven.debug W/InfusionsSynchroniserUs:     at okio.RealBufferedSource.indexOf(RealBufferedSource.java:345)
01-30 14:23:35.651 7896-7999/com.medicom.maven.debug W/InfusionsSynchroniserUs:     at okio.RealBufferedSource.readUtf8LineStrict(RealBufferedSource.java:217)
01-30 14:23:35.651 7896-7999/com.medicom.maven.debug W/InfusionsSynchroniserUs:     at okio.RealBufferedSource.readUtf8LineStrict(RealBufferedSource.java:211)
01-30 14:23:35.651 7896-7999/com.medicom.maven.debug W/InfusionsSynchroniserUs:     at okhttp3.internal.http1.Http1Codec.readResponseHeaders(Http1Codec.java:189)
01-30 14:23:35.651 7896-7999/com.medicom.maven.debug W/InfusionsSynchroniserUs:     at okhttp3.internal.http.CallServerInterceptor.intercept(CallServerInterceptor.java:75)
01-30 14:23:35.651 7896-7999/com.medicom.maven.debug W/InfusionsSynchroniserUs:     at okhttp3.internal.http.RealInterceptorChain.proceed(RealInterceptorChain.java:92)
01-30 14:23:35.651 7896-7999/com.medicom.maven.debug W/InfusionsSynchroniserUs:     at okhttp3.internal.http.RealInterceptorChain.proceed(RealInterceptorChain.java:67)
01-30 14:23:35.651 7896-7999/com.medicom.maven.debug W/InfusionsSynchroniserUs:     at com.facebook.stetho.okhttp3.StethoInterceptor.intercept(StethoInterceptor.java:56)
01-30 14:23:35.651 7896-7999/com.medicom.maven.debug W/InfusionsSynchroniserUs:     at okhttp3.internal.http.RealInterceptorChain.proceed(RealInterceptorChain.java:92)
01-30 14:23:35.651 7896-7999/com.medicom.maven.debug W/InfusionsSynchroniserUs:     at okhttp3.internal.http.RealInterceptorChain.proceed(RealInterceptorChain.java:67)
01-30 14:23:35.651 7896-7999/com.medicom.maven.debug W/InfusionsSynchroniserUs:     at com.medicom.maven.core.networking.RetrofitClient$HeadersInterceptor.intercept(RetrofitClient.java:86)
01-30 14:23:35.651 7896-7999/com.medicom.maven.debug W/InfusionsSynchroniserUs:     at okhttp3.internal.http.RealInterceptorChain.proceed(RealInterceptorChain.java:92)
01-30 14:23:35.651 7896-7999/com.medicom.maven.debug W/InfusionsSynchroniserUs:     at okhttp3.internal.connection.ConnectInterceptor.intercept(ConnectInterceptor.java:45)
01-30 14:23:35.651 7896-7999/com.medicom.maven.debug W/InfusionsSynchroniserUs:     at okhttp3.internal.http.RealInterceptorChain.proceed(RealInterceptorChain.java:92)
01-30 14:23:35.651 7896-7999/com.medicom.maven.debug W/InfusionsSynchroniserUs:     at okhttp3.internal.http.RealInterceptorChain.proceed(RealInterceptorChain.java:67)
01-30 14:23:35.651 7896-7999/com.medicom.maven.debug W/InfusionsSynchroniserUs:     at okhttp3.internal.cache.CacheInterceptor.intercept(CacheInterceptor.java:93)
01-30 14:23:35.651 7896-7999/com.medicom.maven.debug W/InfusionsSynchroniserUs:     at okhttp3.internal.http.RealInterceptorChain.proceed(RealInterceptorChain.java:92)
01-30 14:23:35.651 7896-7999/com.medicom.maven.debug W/InfusionsSynchroniserUs:     at okhttp3.internal.http.RealInterceptorChain.proceed(RealInterceptorChain.java:67)
01-30 14:23:35.651 7896-7999/com.medicom.maven.debug W/InfusionsSynchroniserUs:     at okhttp3.internal.http.BridgeInterceptor.intercept(BridgeInterceptor.java:93)
01-30 14:23:35.651 7896-7999/com.medicom.maven.debug W/InfusionsSynchroniserUs:     at okhttp3.internal.http.RealInterceptorChain.proceed(RealInterceptorChain.java:92)
01-30 14:23:35.651 7896-7999/com.medicom.maven.debug W/InfusionsSynchroniserUs:     at okhttp3.internal.http.RetryAndFollowUpInterceptor.intercept(RetryAndFollowUpInterceptor.java:120)
01-30 14:23:35.651 7896-7999/com.medicom.maven.debug W/InfusionsSynchroniserUs:     at okhttp3.internal.http.RealInterceptorChain.proceed(RealInterceptorChain.java:92)
01-30 14:23:35.651 7896-7999/com.medicom.maven.debug W/InfusionsSynchroniserUs:     at okhttp3.internal.http.RealInterceptorChain.proceed(RealInterceptorChain.java:67)
01-30 14:23:35.651 7896-7999/com.medicom.maven.debug W/InfusionsSynchroniserUs:     at okhttp3.logging.HttpLoggingInterceptor.intercept(HttpLoggingInterceptor.java:211)
01-30 14:23:35.651 7896-7999/com.medicom.maven.debug W/InfusionsSynchroniserUs:     at okhttp3.internal.http.RealInterceptorChain.proceed(RealInterceptorChain.java:92)
01-30 14:23:35.651 7896-7999/com.medicom.maven.debug W/InfusionsSynchroniserUs:     at okhttp3.internal.http.RealInterceptorChain.proceed(RealInterceptorChain.java:67)
01-30 14:23:35.651 7896-7999/com.medicom.maven.debug W/InfusionsSynchroniserUs:     at com.medicom.maven.core.networking.AuthInterceptor.intercept(AuthInterceptor.java:79)
01-30 14:23:35.651 7896-7999/com.medicom.maven.debug W/InfusionsSynchroniserUs:     at okhttp3.internal.http.RealInterceptorChain.proceed(RealInterceptorChain.java:92)
01-30 14:23:35.651 7896-7999/com.medicom.maven.debug W/InfusionsSynchroniserUs:     at okhttp3.internal.http.RealInterceptorChain.proceed(RealInterceptorChain.java:67)
01-30 14:23:35.651 7896-7999/com.medicom.maven.debug W/InfusionsSynchroniserUs:     at okhttp3.RealCall.getResponseWithInterceptorChain(RealCall.java:185)
01-30 14:23:35.651 7896-7999/com.medicom.maven.debug W/InfusionsSynchroniserUs:     at okhttp3.RealCall.execute(RealCall.java:69)
01-30 14:23:35.651 7896-7999/com.medicom.maven.debug W/InfusionsSynchroniserUs:     at retrofit2.OkHttpCall.execute(OkHttpCall.java:180)
01-30 14:23:35.651 7896-7999/com.medicom.maven.debug W/InfusionsSynchroniserUs:     at retrofit2.adapter.rxjava2.CallExecuteObservable.subscribeActual(CallExecuteObservable.java:41)
01-30 14:23:35.651 7896-7999/com.medicom.maven.debug W/InfusionsSynchroniserUs:     at io.reactivex.Observable.subscribe(Observable.java:10842)
01-30 14:23:35.651 7896-7999/com.medicom.maven.debug W/InfusionsSynchroniserUs:     at retrofit2.adapter.rxjava2.BodyObservable.subscribeActual(BodyObservable.java:34)
01-30 14:23:35.651 7896-7999/com.medicom.maven.debug W/InfusionsSynchroniserUs:     at io.reactivex.Observable.subscribe(Observable.java:10842)
01-30 14:23:35.651 7896-7999/com.medicom.maven.debug W/InfusionsSynchroniserUs:     at io.reactivex.internal.operators.observable.ObservableSingleSingle.subscribeActual(ObservableSingleSingle.java:35)
01-30 14:23:35.651 7896-7999/com.medicom.maven.debug W/InfusionsSynchroniserUs:     at io.reactivex.Single.subscribe(Single.java:2703)
01-30 14:23:35.651 7896-7999/com.medicom.maven.debug W/InfusionsSynchroniserUs:     at io.reactivex.internal.operators.single.SingleFlatMap.subscribeActual(SingleFlatMap.java:36)
01-30 14:23:35.651 7896-7999/com.medicom.maven.debug W/InfusionsSynchroniserUs:     at io.reactivex.Single.subscribe(Single.java:2703)
01-30 14:23:35.651 7896-7999/com.medicom.maven.debug W/InfusionsSynchroniserUs:     at io.reactivex.internal.operators.single.SingleToObservable.subscribeActual(SingleToObservable.java:34)
01-30 14:23:35.651 7896-7999/com.medicom.maven.debug W/InfusionsSynchroniserUs:     at io.reactivex.Observable.subscribe(Observable.java:10842)
01-30 14:23:35.651 7896-7999/com.medicom.maven.debug W/InfusionsSynchroniserUs:     at io.reactivex.internal.operators.observable.ObservableDefer.subscribeActual(ObservableDefer.java:39)
01-30 14:23:35.651 7896-7999/com.medicom.maven.debug W/InfusionsSynchroniserUs:     at io.reactivex.Observable.subscribe(Observable.java:10842)
01-30 14:23:35.651 7896-7999/com.medicom.maven.debug W/InfusionsSynchroniserUs:     at io.reactivex.internal.operators.observable.ObservableDoOnEach.subscribeActual(ObservableDoOnEach.java:42)
01-30 14:23:35.651 7896-7999/com.medicom.maven.debug W/InfusionsSynchroniserUs:     at io.reactivex.Observable.subscribe(Observable.java:10842)
01-30 14:23:35.651 7896-7999/com.medicom.maven.debug W/InfusionsSynchroniserUs:     at io.reactivex.internal.operators.observable.ObservableDoOnEach.subscribeActual(ObservableDoOnEach.java:42)
01-30 14:23:35.651 7896-7999/com.medicom.maven.debug W/InfusionsSynchroniserUs:     at io.reactivex.Observable.subscribe(Observable.java:10842)
01-30 14:23:35.651 7896-7999/com.medicom.maven.debug W/InfusionsSynchroniserUs:     at io.reactivex.internal.operators.observable.ObservableSubscribeOn$SubscribeTask.run(ObservableSubscribeOn.java:96)
01-30 14:23:35.651 7896-7999/com.medicom.maven.debug W/InfusionsSynchroniserUs:     at io.reactivex.internal.schedulers.ScheduledDirectTask.call(ScheduledDirectTask.java:38)
01-30 14:23:35.651 7896-7999/com.medicom.maven.debug W/InfusionsSynchroniserUs:     at io.reactivex.internal.schedulers.ScheduledDirectTask.call(ScheduledDirectTask.java:26)
01-30 14:23:35.651 7896-7999/com.medicom.maven.debug W/InfusionsSynchroniserUs:     at java.util.concurrent.FutureTask.run(FutureTask.java:237)
01-30 14:23:35.651 7896-7999/com.medicom.maven.debug W/InfusionsSynchroniserUs:     at java.util.concurrent.ThreadPoolExecutor.runWorker(ThreadPoolExecutor.java:1112)
01-30 14:23:35.651 7896-7999/com.medicom.maven.debug W/InfusionsSynchroniserUs:     at java.util.concurrent.ThreadPoolExecutor$Worker.run(ThreadPoolExecutor.java:587)
01-30 14:23:35.651 7896-7999/com.medicom.maven.debug W/InfusionsSynchroniserUs:     at java.lang.Thread.run(Thread.java:818)
01-30 14:23:35.701 7896-7997/com.medicom.maven.debug E/TasksManager: Task threw exception. Task: SendSyncInfusionsTask{patientId=168756, syncInfusions=SyncInfusions{mobileAppLastSynchronization=2018-01-30T13:21:25.000, infusions=[Infusion{dataPurpose=CREATE, id=null, externalId=Maven-24-85,15, infusionType=PROPHYLAXIS, therapyType=null, dataOrigin=INFUSER, infusionDateTimeForUtcZone=2018-01-29T01:00:51.000, eventTimeZone=Europe/Warsaw, infusionDateTimeWithEventZone=2018-01-29T02:00:51.000+01:00, infusionDateTimeWithLocalZone=2018-01-29T02:00:51.000+01:00, infusionLastModifiedTimeForUtcZone=null, infusionLastModifiedTimeWithLocalZone=null, synchronisedAtForUtcZone=2018-01-30T13:22:49.000, infusionSites=[], otherInfusionSite=null, note=null, prophylaxisEvent=null, bleedEvent=BleedEvent{externalId=null, cause=null, severity=null, pain=null, locations=null, symptoms=null, otherSymptoms=null}, infusionPhotos=InfusionPhotos{available=[], deleted=[]}, infusionDetails=InfusionDetails{infuserSerialNumber=Maven-24-85, infusionMode=INFUSION_ONLY, maxSpeed=5.0, totalInfusionTime=6, infusedDoseVolume=0.50, syringeSizeSetting=10}, vialsDetails=VialsDetails{vials=[VialInfo{id=null, expirationDate=2019-09-30, doseSize=3000, lotNumber=35364211B, gtin=10369911488015, productName=null}]}, deleted=false}]}}
01-30 14:23:35.701 7896-7997/com.medicom.maven.debug E/TasksManager: java.net.SocketTimeoutException: timeout
01-30 14:23:35.701 7896-7997/com.medicom.maven.debug E/TasksManager:     at okio.Okio$4.newTimeoutException(Okio.java:230)
01-30 14:23:35.701 7896-7997/com.medicom.maven.debug E/TasksManager:     at okio.AsyncTimeout.exit(AsyncTimeout.java:275)
01-30 14:23:35.701 7896-7997/com.medicom.maven.debug E/TasksManager:     at okio.AsyncTimeout$2.read(AsyncTimeout.java:243)
01-30 14:23:35.701 7896-7997/com.medicom.maven.debug E/TasksManager:     at okio.RealBufferedSource.indexOf(RealBufferedSource.java:345)
01-30 14:23:35.701 7896-7997/com.medicom.maven.debug E/TasksManager:     at okio.RealBufferedSource.readUtf8LineStrict(RealBufferedSource.java:217)
01-30 14:23:35.701 7896-7997/com.medicom.maven.debug E/TasksManager:     at okio.RealBufferedSource.readUtf8LineStrict(RealBufferedSource.java:211)
01-30 14:23:35.701 7896-7997/com.medicom.maven.debug E/TasksManager:     at okhttp3.internal.http1.Http1Codec.readResponseHeaders(Http1Codec.java:189)
01-30 14:23:35.701 7896-7997/com.medicom.maven.debug E/TasksManager:     at okhttp3.internal.http.CallServerInterceptor.intercept(CallServerInterceptor.java:75)
01-30 14:23:35.701 7896-7997/com.medicom.maven.debug E/TasksManager:     at okhttp3.internal.http.RealInterceptorChain.proceed(RealInterceptorChain.java:92)
01-30 14:23:35.701 7896-7997/com.medicom.maven.debug E/TasksManager:     at okhttp3.internal.http.RealInterceptorChain.proceed(RealInterceptorChain.java:67)
01-30 14:23:35.701 7896-7997/com.medicom.maven.debug E/TasksManager:     at com.facebook.stetho.okhttp3.StethoInterceptor.intercept(StethoInterceptor.java:56)
01-30 14:23:35.701 7896-7997/com.medicom.maven.debug E/TasksManager:     at okhttp3.internal.http.RealInterceptorChain.proceed(RealInterceptorChain.java:92)
01-30 14:23:35.701 7896-7997/com.medicom.maven.debug E/TasksManager:     at okhttp3.internal.http.RealInterceptorChain.proceed(RealInterceptorChain.java:67)
01-30 14:23:35.701 7896-7997/com.medicom.maven.debug E/TasksManager:     at com.medicom.maven.core.networking.RetrofitClient$HeadersInterceptor.intercept(RetrofitClient.java:86)
01-30 14:23:35.701 7896-7997/com.medicom.maven.debug E/TasksManager:     at okhttp3.internal.http.RealInterceptorChain.proceed(RealInterceptorChain.java:92)
01-30 14:23:35.701 7896-7997/com.medicom.maven.debug E/TasksManager:     at okhttp3.internal.connection.ConnectInterceptor.intercept(ConnectInterceptor.java:45)
01-30 14:23:35.701 7896-7997/com.medicom.maven.debug E/TasksManager:     at okhttp3.internal.http.RealInterceptorChain.proceed(RealInterceptorChain.java:92)
01-30 14:23:35.701 7896-7997/com.medicom.maven.debug E/TasksManager:     at okhttp3.internal.http.RealInterceptorChain.proceed(RealInterceptorChain.java:67)
01-30 14:23:35.701 7896-7997/com.medicom.maven.debug E/TasksManager:     at okhttp3.internal.cache.CacheInterceptor.intercept(CacheInterceptor.java:93)
01-30 14:23:35.701 7896-7997/com.medicom.maven.debug E/TasksManager:     at okhttp3.internal.http.RealInterceptorChain.proceed(RealInterceptorChain.java:92)
01-30 14:23:35.701 7896-7997/com.medicom.maven.debug E/TasksManager:     at okhttp3.internal.http.RealInterceptorChain.proceed(RealInterceptorChain.java:67)
01-30 14:23:35.701 7896-7997/com.medicom.maven.debug E/TasksManager:     at okhttp3.internal.http.BridgeInterceptor.intercept(BridgeInterceptor.java:93)
01-30 14:23:35.701 7896-7997/com.medicom.maven.debug E/TasksManager:     at okhttp3.internal.http.RealInterceptorChain.proceed(RealInterceptorChain.java:92)
01-30 14:23:35.701 7896-7997/com.medicom.maven.debug E/TasksManager:     at okhttp3.internal.http.RetryAndFollowUpInterceptor.intercept(RetryAndFollowUpInterceptor.java:120)
01-30 14:23:35.701 7896-7997/com.medicom.maven.debug E/TasksManager:     at okhttp3.internal.http.RealInterceptorChain.proceed(RealInterceptorChain.java:92)
01-30 14:23:35.701 7896-7997/com.medicom.maven.debug E/TasksManager:     at okhttp3.internal.http.RealInterceptorChain.proceed(RealInterceptorChain.java:67)
01-30 14:23:35.701 7896-7997/com.medicom.maven.debug E/TasksManager:     at okhttp3.logging.HttpLoggingInterceptor.intercept(HttpLoggingInterceptor.java:211)
01-30 14:23:35.701 7896-7997/com.medicom.maven.debug E/TasksManager:     at okhttp3.internal.http.RealInterceptorChain.proceed(RealInterceptorChain.java:92)
01-30 14:23:35.701 7896-7997/com.medicom.maven.debug E/TasksManager:     at okhttp3.internal.http.RealInterceptorChain.proceed(RealInterceptorChain.java:67)
01-30 14:23:35.701 7896-7997/com.medicom.maven.debug E/TasksManager:     at com.medicom.maven.core.networking.AuthInterceptor.intercept(AuthInterceptor.java:79)
01-30 14:23:35.701 7896-7997/com.medicom.maven.debug E/TasksManager:     at okhttp3.internal.http.RealInterceptorChain.proceed(RealInterceptorChain.java:92)
01-30 14:23:35.701 7896-7997/com.medicom.maven.debug E/TasksManager:     at okhttp3.internal.http.RealInterceptorChain.proceed(RealInterceptorChain.java:67)
01-30 14:23:35.701 7896-7997/com.medicom.maven.debug E/TasksManager:     at okhttp3.RealCall.getResponseWithInterceptorChain(RealCall.java:185)
01-30 14:23:35.701 7896-7997/com.medicom.maven.debug E/TasksManager:     at okhttp3.RealCall.execute(RealCall.java:69)
01-30 14:23:35.701 7896-7997/com.medicom.maven.debug E/TasksManager:     at retrofit2.OkHttpCall.execute(OkHttpCall.java:180)
01-30 14:23:35.701 7896-7997/com.medicom.maven.debug E/TasksManager:     at retrofit2.adapter.rxjava2.CallExecuteObservable.subscribeActual(CallExecuteObservable.java:41)
01-30 14:23:35.701 7896-7997/com.medicom.maven.debug E/TasksManager:     at io.reactivex.Observable.subscribe(Observable.java:10842)
01-30 14:23:35.701 7896-7997/com.medicom.maven.debug E/TasksManager:     at retrofit2.adapter.rxjava2.BodyObservable.subscribeActual(BodyObservable.java:34)
01-30 14:23:35.701 7896-7997/com.medicom.maven.debug E/TasksManager:     at io.reactivex.Observable.subscribe(Observable.java:10842)
01-30 14:23:35.701 7896-7997/com.medicom.maven.debug E/TasksManager:     at io.reactivex.internal.operators.observable.ObservableSingleSingle.subscribeActual(ObservableSingleSingle.java:35)
01-30 14:23:35.701 7896-7997/com.medicom.maven.debug E/TasksManager:     at io.reactivex.Single.subscribe(Single.java:2703)
01-30 14:23:35.701 7896-7997/com.medicom.maven.debug E/TasksManager:     at io.reactivex.internal.operators.single.SingleToObservable.subscribeActual(SingleToObservable.java:34)
01-30 14:23:35.701 7896-7997/com.medicom.maven.debug E/TasksManager:     at io.reactivex.Observable.subscribe(Observable.java:10842)
01-30 14:23:35.701 7896-7997/com.medicom.maven.debug E/TasksManager:     at io.reactivex.internal.operators.observable.ObservableDefer.subscribeActual(ObservableDefer.java:39)
01-30 14:23:35.701 7896-7997/com.medicom.maven.debug E/TasksManager:     at io.reactivex.Observable.subscribe(Observable.java:10842)
01-30 14:23:35.701 7896-7997/com.medicom.maven.debug E/TasksManager:     at io.reactivex.internal.operators.observable.ObservableDoOnEach.subscribeActual(ObservableDoOnEach.java:42)
01-30 14:23:35.701 7896-7997/com.medicom.maven.debug E/TasksManager:     at io.reactivex.Observable.subscribe(Observable.java:10842)
01-30 14:23:35.701 7896-7997/com.medicom.maven.debug E/TasksManager:     at io.reactivex.internal.operators.observable.ObservableDoOnEach.subscribeActual(ObservableDoOnEach.java:42)
01-30 14:23:35.701 7896-7997/com.medicom.maven.debug E/TasksManager:     at io.reactivex.Observable.subscribe(Observable.java:10842)
01-30 14:23:35.701 7896-7997/com.medicom.maven.debug E/TasksManager:     at io.reactivex.internal.operators.observable.ObservableSubscribeOn$SubscribeTask.run(ObservableSubscribeOn.java:96)
01-30 14:23:35.701 7896-7997/com.medicom.maven.debug E/TasksManager:     at io.reactivex.internal.schedulers.ScheduledDirectTask.call(ScheduledDirectTask.java:38)
01-30 14:23:35.701 7896-7997/com.medicom.maven.debug E/TasksManager:     at io.reactivex.internal.schedulers.ScheduledDirectTask.call(ScheduledDirectTask.java:26)
01-30 14:23:35.701 7896-7997/com.medicom.maven.debug E/TasksManager:     at java.util.concurrent.FutureTask.run(FutureTask.java:237)
01-30 14:23:35.701 7896-7997/com.medicom.maven.debug E/TasksManager:     at java.util.concurrent.ThreadPoolExecutor.runWorker(ThreadPoolExecutor.java:1112)
01-30 14:23:35.701 7896-7997/com.medicom.maven.debug E/TasksManager:     at java.util.concurrent.ThreadPoolExecutor$Worker.run(ThreadPoolExecutor.java:587)
01-30 14:23:35.701 7896-7997/com.medicom.maven.debug E/TasksManager:     at java.lang.Thread.run(Thread.java:818)
01-30 14:23:35.701 7896-7997/com.medicom.maven.debug E/TasksManager: Task threw exception. Task: SynchronizeInfusionsTask{patientId=168756, serialNumber2LastSyncDateMap={Maven-24-85=2018-01-30T13:22:49.281Z}, serialNumber2LastSyncEntryIndexMap={Maven-24-85=15}}
01-30 14:23:35.701 7896-7997/com.medicom.maven.debug E/TasksManager: java.net.SocketTimeoutException: timeout
01-30 14:23:35.701 7896-7997/com.medicom.maven.debug E/TasksManager:     at okio.Okio$4.newTimeoutException(Okio.java:230)
01-30 14:23:35.701 7896-7997/com.medicom.maven.debug E/TasksManager:     at okio.AsyncTimeout.exit(AsyncTimeout.java:275)
01-30 14:23:35.701 7896-7997/com.medicom.maven.debug E/TasksManager:     at okio.AsyncTimeout$2.read(AsyncTimeout.java:243)
01-30 14:23:35.701 7896-7997/com.medicom.maven.debug E/TasksManager:     at okio.RealBufferedSource.indexOf(RealBufferedSource.java:345)
01-30 14:23:35.701 7896-7997/com.medicom.maven.debug E/TasksManager:     at okio.RealBufferedSource.readUtf8LineStrict(RealBufferedSource.java:217)
01-30 14:23:35.701 7896-7997/com.medicom.maven.debug E/TasksManager:     at okio.RealBufferedSource.readUtf8LineStrict(RealBufferedSource.java:211)
01-30 14:23:35.701 7896-7997/com.medicom.maven.debug E/TasksManager:     at okhttp3.internal.http1.Http1Codec.readResponseHeaders(Http1Codec.java:189)
01-30 14:23:35.701 7896-7997/com.medicom.maven.debug E/TasksManager:     at okhttp3.internal.http.CallServerInterceptor.intercept(CallServerInterceptor.java:75)
01-30 14:23:35.701 7896-7997/com.medicom.maven.debug E/TasksManager:     at okhttp3.internal.http.RealInterceptorChain.proceed(RealInterceptorChain.java:92)
01-30 14:23:35.701 7896-7997/com.medicom.maven.debug E/TasksManager:     at okhttp3.internal.http.RealInterceptorChain.proceed(RealInterceptorChain.java:67)
01-30 14:23:35.701 7896-7997/com.medicom.maven.debug E/TasksManager:     at com.facebook.stetho.okhttp3.StethoInterceptor.intercept(StethoInterceptor.java:56)
01-30 14:23:35.701 7896-7997/com.medicom.maven.debug E/TasksManager:     at okhttp3.internal.http.RealInterceptorChain.proceed(RealInterceptorChain.java:92)
01-30 14:23:35.701 7896-7997/com.medicom.maven.debug E/TasksManager:     at okhttp3.internal.http.RealInterceptorChain.proceed(RealInterceptorChain.java:67)
01-30 14:23:35.701 7896-7997/com.medicom.maven.debug E/TasksManager:     at com.medicom.maven.core.networking.RetrofitClient$HeadersInterceptor.intercept(RetrofitClient.java:86)
01-30 14:23:35.701 7896-7997/com.medicom.maven.debug E/TasksManager:     at okhttp3.internal.http.RealInterceptorChain.proceed(RealInterceptorChain.java:92)
01-30 14:23:35.701 7896-7997/com.medicom.maven.debug E/TasksManager:     at okhttp3.internal.connection.ConnectInterceptor.intercept(ConnectInterceptor.java:45)
01-30 14:23:35.701 7896-7997/com.medicom.maven.debug E/TasksManager:     at okhttp3.internal.http.RealInterceptorChain.proceed(RealInterceptorChain.java:92)
01-30 14:23:35.701 7896-7997/com.medicom.maven.debug E/TasksManager:     at okhttp3.internal.http.RealInterceptorChain.proceed(RealInterceptorChain.java:67)
01-30 14:23:35.701 7896-7997/com.medicom.maven.debug E/TasksManager:     at okhttp3.internal.cache.CacheInterceptor.intercept(CacheInterceptor.java:93)
01-30 14:23:35.701 7896-7997/com.medicom.maven.debug E/TasksManager:     at okhttp3.internal.http.RealInterceptorChain.proceed(RealInterceptorChain.java:92)
01-30 14:23:35.701 7896-7997/com.medicom.maven.debug E/TasksManager:     at okhttp3.internal.http.RealInterceptorChain.proceed(RealInterceptorChain.java:67)
01-30 14:23:35.701 7896-7997/com.medicom.maven.debug E/TasksManager:     at okhttp3.internal.http.BridgeInterceptor.intercept(BridgeInterceptor.java:93)
01-30 14:23:35.701 7896-7997/com.medicom.maven.debug E/TasksManager:     at okhttp3.internal.http.RealInterceptorChain.proceed(RealInterceptorChain.java:92)
01-30 14:23:35.701 7896-7997/com.medicom.maven.debug E/TasksManager:     at okhttp3.internal.http.RetryAndFollowUpInterceptor.intercept(RetryAndFollowUpInterceptor.java:120)
01-30 14:23:35.701 7896-7997/com.medicom.maven.debug E/TasksManager:     at okhttp3.internal.http.RealInterceptorChain.proceed(RealInterceptorChain.java:92)
01-30 14:23:35.701 7896-7997/com.medicom.maven.debug E/TasksManager:     at okhttp3.internal.http.RealInterceptorChain.proceed(RealInterceptorChain.java:67)
01-30 14:23:35.701 7896-7997/com.medicom.maven.debug E/TasksManager:     at okhttp3.logging.HttpLoggingInterceptor.intercept(HttpLoggingInterceptor.java:211)
01-30 14:23:35.701 7896-7997/com.medicom.maven.debug E/TasksManager:     at okhttp3.internal.http.RealInterceptorChain.proceed(RealInterceptorChain.java:92)
01-30 14:23:35.701 7896-7997/com.medicom.maven.debug E/TasksManager:     at okhttp3.internal.http.RealInterceptorChain.proceed(RealInterceptorChain.java:67)
01-30 14:23:35.701 7896-7997/com.medicom.maven.debug E/TasksManager:     at com.medicom.maven.core.networking.AuthInterceptor.intercept(AuthInterceptor.java:79)
01-30 14:23:35.701 7896-7997/com.medicom.maven.debug E/TasksManager:     at okhttp3.internal.http.RealInterceptorChain.proceed(RealInterceptorChain.java:92)
01-30 14:23:35.701 7896-7997/com.medicom.maven.debug E/TasksManager:     at okhttp3.internal.http.RealInterceptorChain.proceed(RealInterceptorChain.java:67)
01-30 14:23:35.701 7896-7997/com.medicom.maven.debug E/TasksManager:     at okhttp3.RealCall.getResponseWithInterceptorChain(RealCall.java:185)
01-30 14:23:35.701 7896-7997/com.medicom.maven.debug E/TasksManager:     at okhttp3.RealCall.execute(RealCall.java:69)
01-30 14:23:35.701 7896-7997/com.medicom.maven.debug E/TasksManager:     at retrofit2.OkHttpCall.execute(OkHttpCall.java:180)
01-30 14:23:35.701 7896-7997/com.medicom.maven.debug E/TasksManager:     at retrofit2.adapter.rxjava2.CallExecuteObservable.subscribeActual(CallExecuteObservable.java:41)
01-30 14:23:35.701 7896-7997/com.medicom.maven.debug E/TasksManager:     at io.reactivex.Observable.subscribe(Observable.java:10842)
01-30 14:23:35.701 7896-7997/com.medicom.maven.debug E/TasksManager:     at retrofit2.adapter.rxjava2.BodyObservable.subscribeActual(BodyObservable.java:34)
01-30 14:23:35.701 7896-7997/com.medicom.maven.debug E/TasksManager:     at io.reactivex.Observable.subscribe(Observable.java:10842)
01-30 14:23:35.701 7896-7997/com.medicom.maven.debug E/TasksManager:     at io.reactivex.internal.operators.observable.ObservableSingleSingle.subscribeActual(ObservableSingleSingle.java:35)
01-30 14:23:35.701 7896-7997/com.medicom.maven.debug E/TasksManager:     at io.reactivex.Single.subscribe(Single.java:2703)
01-30 14:23:35.701 7896-7997/com.medicom.maven.debug E/TasksManager:     at io.reactivex.internal.operators.single.SingleToObservable.subscribeActual(SingleToObservable.java:34)
01-30 14:23:35.701 7896-7997/com.medicom.maven.debug E/TasksManager:     at io.reactivex.Observable.subscribe(Observable.java:10842)
01-30 14:23:35.701 7896-7997/com.medicom.maven.debug E/TasksManager:     at io.reactivex.internal.operators.observable.ObservableDefer.subscribeActual(ObservableDefer.java:39)
01-30 14:23:35.701 7896-7997/com.medicom.maven.debug E/TasksManager:     at io.reactivex.Observable.subscribe(Observable.java:10842)
01-30 14:23:35.701 7896-7997/com.medicom.maven.debug E/TasksManager:     at io.reactivex.internal.operators.observable.ObservableDoOnEach.subscribeActual(ObservableDoOnEach.java:42)
01-30 14:23:35.701 7896-7997/com.medicom.maven.debug E/TasksManager:     at io.reactivex.Observable.subscribe(Observable.java:10842)
01-30 14:23:35.701 7896-7997/com.medicom.maven.debug E/TasksManager:     at io.reactivex.internal.operators.observable.ObservableDoOnEach.subscribeActual(ObservableDoOnEach.java:42)
01-30 14:23:35.701 7896-7997/com.medicom.maven.debug E/TasksManager:     at io.reactivex.Observable.subscribe(Observable.java:10842)
01-30 14:23:35.701 7896-7997/com.medicom.maven.debug E/TasksManager:     at io.reactivex.internal.operators.observable.ObservableSubscribeOn$SubscribeTask.run(ObservableSubscribeOn.java:96)
01-30 14:23:35.701 7896-7997/com.medicom.maven.debug E/TasksManager:     at io.reactivex.internal.schedulers.ScheduledDirectTask.call(ScheduledDirectTask.java:38)
01-30 14:23:35.701 7896-7997/com.medicom.maven.debug E/TasksManager:     at io.reactivex.internal.schedulers.ScheduledDirectTask.call(ScheduledDirectTask.java:26)
01-30 14:23:35.701 7896-7997/com.medicom.maven.debug E/TasksManager:     at java.util.concurrent.FutureTask.run(FutureTask.java:237)
01-30 14:23:35.701 7896-7997/com.medicom.maven.debug E/TasksManager:     at java.util.concurrent.ThreadPoolExecutor.runWorker(ThreadPoolExecutor.java:1112)
01-30 14:23:35.701 7896-7997/com.medicom.maven.debug E/TasksManager:     at java.util.concurrent.ThreadPoolExecutor$Worker.run(ThreadPoolExecutor.java:587)
01-30 14:23:35.701 7896-7997/com.medicom.maven.debug E/TasksManager:     at java.lang.Thread.run(Thread.java:818)
01-30 14:23:37.211 2977-2977/? I/MotionRecognitionService: Plugged
01-30 14:23:37.211 3139-3139/? I/PERF: received broadcast android.intent.action.BATTERY_CHANGED
01-30 14:23:37.551 2977-3297/? E/Watchdog: !@Sync 1203 [01-30 14:23:37.559]
01-30 14:23:38.031 7896-7904/com.medicom.maven.debug W/art: Suspending all threads took: 9.887ms
01-30 14:23:38.041 7896-7912/com.medicom.maven.debug W/art: Suspending all threads took: 8.646ms
01-30 14:23:38.061 7896-7912/com.medicom.maven.debug I/art: Background sticky concurrent mark sweep GC freed 46903(6MB) AllocSpace objects, 4(52KB) LOS objects, 17% free, 30MB/36MB, paused 15.995ms total 75.495ms
01-30 14:23:38.681 7896-7896/com.medicom.maven.debug W/RecyclerView: RecyclerView does not support scrolling to an absolute position. Use scrollToPosition instead
01-30 14:23:38.681 7896-7896/com.medicom.maven.debug W/RecyclerView: RecyclerView does not support scrolling to an absolute position. Use scrollToPosition instead
01-30 14:23:39.001 7896-7896/com.medicom.maven.debug W/RecyclerView: RecyclerView does not support scrolling to an absolute position. Use scrollToPosition instead
01-30 14:23:39.001 7896-7896/com.medicom.maven.debug W/RecyclerView: RecyclerView does not support scrolling to an absolute position. Use scrollToPosition instead
01-30 14:23:39.021 7896-7896/com.medicom.maven.debug W/RecyclerView: RecyclerView does not support scrolling to an absolute position. Use scrollToPosition instead
01-30 14:23:39.021 7896-7896/com.medicom.maven.debug W/RecyclerView: RecyclerView does not support scrolling to an absolute position. Use scrollToPosition instead
01-30 14:23:39.031 7896-7896/com.medicom.maven.debug W/RecyclerView: RecyclerView does not support scrolling to an absolute position. Use scrollToPosition instead
01-30 14:23:39.031 7896-7896/com.medicom.maven.debug W/RecyclerView: RecyclerView does not support scrolling to an absolute position. Use scrollToPosition instead
01-30 14:23:39.051 7896-7896/com.medicom.maven.debug W/RecyclerView: RecyclerView does not support scrolling to an absolute position. Use scrollToPosition instead
01-30 14:23:39.051 7896-7896/com.medicom.maven.debug W/RecyclerView: RecyclerView does not support scrolling to an absolute position. Use scrollToPosition instead
01-30 14:23:39.071 7896-7896/com.medicom.maven.debug W/RecyclerView: RecyclerView does not support scrolling to an absolute position. Use scrollToPosition instead
01-30 14:23:39.071 7896-7896/com.medicom.maven.debug W/RecyclerView: RecyclerView does not support scrolling to an absolute position. Use scrollToPosition instead
01-30 14:23:39.081 7896-7896/com.medicom.maven.debug W/RecyclerView: RecyclerView does not support scrolling to an absolute position. Use scrollToPosition instead
01-30 14:23:39.081 7896-7896/com.medicom.maven.debug W/RecyclerView: RecyclerView does not support scrolling to an absolute position. Use scrollToPosition instead
01-30 14:23:39.101 7896-7896/com.medicom.maven.debug W/RecyclerView: RecyclerView does not support scrolling to an absolute position. Use scrollToPosition instead
01-30 14:23:39.101 7896-7896/com.medicom.maven.debug W/RecyclerView: RecyclerView does not support scrolling to an absolute position. Use scrollToPosition instead
01-30 14:23:39.121 7896-7896/com.medicom.maven.debug W/RecyclerView: RecyclerView does not support scrolling to an absolute position. Use scrollToPosition instead
01-30 14:23:39.121 7896-7896/com.medicom.maven.debug W/RecyclerView: RecyclerView does not support scrolling to an absolute position. Use scrollToPosition instead
01-30 14:23:39.131 7896-7896/com.medicom.maven.debug W/RecyclerView: RecyclerView does not support scrolling to an absolute position. Use scrollToPosition instead
01-30 14:23:39.131 7896-7896/com.medicom.maven.debug W/RecyclerView: RecyclerView does not support scrolling to an absolute position. Use scrollToPosition instead
01-30 14:23:39.151 7896-7896/com.medicom.maven.debug W/RecyclerView: RecyclerView does not support scrolling to an absolute position. Use scrollToPosition instead
01-30 14:23:39.151 7896-7896/com.medicom.maven.debug W/RecyclerView: RecyclerView does not support scrolling to an absolute position. Use scrollToPosition instead
01-30 14:23:39.171 7896-7896/com.medicom.maven.debug W/RecyclerView: RecyclerView does not support scrolling to an absolute position. Use scrollToPosition instead
01-30 14:23:39.171 7896-7896/com.medicom.maven.debug W/RecyclerView: RecyclerView does not support scrolling to an absolute position. Use scrollToPosition instead
01-30 14:23:39.181 7896-7896/com.medicom.maven.debug W/RecyclerView: RecyclerView does not support scrolling to an absolute position. Use scrollToPosition instead
01-30 14:23:39.181 7896-7896/com.medicom.maven.debug W/RecyclerView: RecyclerView does not support scrolling to an absolute position. Use scrollToPosition instead
01-30 14:23:39.201 7896-7896/com.medicom.maven.debug W/RecyclerView: RecyclerView does not support scrolling to an absolute position. Use scrollToPosition instead
01-30 14:23:39.201 7896-7896/com.medicom.maven.debug W/RecyclerView: RecyclerView does not support scrolling to an absolute position. Use scrollToPosition instead
01-30 14:23:39.221 7896-7896/com.medicom.maven.debug W/RecyclerView: RecyclerView does not support scrolling to an absolute position. Use scrollToPosition instead
01-30 14:23:39.221 7896-7896/com.medicom.maven.debug W/RecyclerView: RecyclerView does not support scrolling to an absolute position. Use scrollToPosition instead
01-30 14:23:39.241 7896-7896/com.medicom.maven.debug W/RecyclerView: RecyclerView does not support scrolling to an absolute position. Use scrollToPosition instead
01-30 14:23:39.241 7896-7896/com.medicom.maven.debug W/RecyclerView: RecyclerView does not support scrolling to an absolute position. Use scrollToPosition instead
01-30 14:23:39.251 7896-7896/com.medicom.maven.debug W/RecyclerView: RecyclerView does not support scrolling to an absolute position. Use scrollToPosition instead
01-30 14:23:39.251 7896-7896/com.medicom.maven.debug W/RecyclerView: RecyclerView does not support scrolling to an absolute position. Use scrollToPosition instead
01-30 14:23:39.271 7896-7896/com.medicom.maven.debug W/RecyclerView: RecyclerView does not support scrolling to an absolute position. Use scrollToPosition instead
01-30 14:23:39.271 7896-7896/com.medicom.maven.debug W/RecyclerView: RecyclerView does not support scrolling to an absolute position. Use scrollToPosition instead
01-30 14:23:39.281 7896-7896/com.medicom.maven.debug W/RecyclerView: RecyclerView does not support scrolling to an absolute position. Use scrollToPosition instead
01-30 14:23:39.281 7896-7896/com.medicom.maven.debug W/RecyclerView: RecyclerView does not support scrolling to an absolute position. Use scrollToPosition instead
01-30 14:23:39.301 7896-7896/com.medicom.maven.debug W/RecyclerView: RecyclerView does not support scrolling to an absolute position. Use scrollToPosition instead
01-30 14:23:39.301 7896-7896/com.medicom.maven.debug W/RecyclerView: RecyclerView does not support scrolling to an absolute position. Use scrollToPosition instead
